<assembly>
	<id>test-api</id>
	<formats>
		<format>jar</format>
	</formats>
	<includeBaseDirectory>true</includeBaseDirectory>
	<baseDirectory>br/com/ibnetwork/guara</baseDirectory>
	<fileSets>
		<fileSet>
			<directory>target/test-classes/br/com/ibnetwork/guara/test/</directory>
			<outputDirectory>test</outputDirectory>
		</fileSet>
	</fileSets>
</assembly>